This is e-pTeX, Version 3.1415926-p3.3-110825-2.4 (utf8.euc) (TeX Live 2012) (format=platex 2012.6.30)  19 JUN 2013 23:23
entering extended mode
 restricted \write18 enabled.
 file:line:error style messages enabled.
 %&-line parsing enabled.
**submit.tex
(./submit.tex
pLaTeX2e <2006/11/10> (based on LaTeX2e <2011/06/27> patch level 0)
Babel <v3.8m> and hyphenation patterns for english, dumylang, nohyphenation, ge
rman-x-2012-05-30, ngerman-x-2012-05-30, afrikaans, ancientgreek, ibycus, arabi
c, armenian, basque, bulgarian, catalan, pinyin, coptic, croatian, czech, danis
h, dutch, ukenglish, usenglishmax, esperanto, estonian, ethiopic, farsi, finnis
h, french, friulan, galician, german, ngerman, swissgerman, monogreek, greek, h
ungarian, icelandic, assamese, bengali, gujarati, hindi, kannada, malayalam, ma
rathi, oriya, panjabi, tamil, telugu, indonesian, interlingua, irish, italian, 
kurmanji, latin, latvian, lithuanian, mongolian, mongolianlmc, bokmal, nynorsk,
 polish, portuguese, romanian, romansh, russian, sanskrit, serbian, serbianc, s
lovak, slovenian, spanish, swedish, turkish, turkmen, ukrainian, uppersorbian, 
welsh, loaded.
(./ipsj.cls
Document Class: ipsj 2012/10/12 v1.04 IPSJ class
(/usr/local/texlive/2012/texmf-dist/tex/latex/graphics/color.sty
Package: color 2005/11/14 v1.0j Standard LaTeX Color (DPC)

(/usr/local/texlive/2012/texmf-dist/tex/latex/latexconfig/color.cfg
File: color.cfg 2007/01/18 v1.5 color configuration of teTeX/TeXLive
)
Package color Info: Driver file: dvips.def on input line 130.

(/usr/local/texlive/2012/texmf-dist/tex/latex/graphics/dvips.def
File: dvips.def 1999/02/16 v3.0i Driver-dependant file (DPC,SPQR)
)
(/usr/local/texlive/2012/texmf-dist/tex/latex/graphics/dvipsnam.def
File: dvipsnam.def 1999/02/16 v3.0i Driver-dependant file (DPC,SPQR)
))
\c@@paper=\count81
\h=\dimen118
\JQ=\dimen119
\Q=\dimen120
\@Q=\dimen121
\ChtE=\skip41
\CdpE=\skip42
\CwdE=\skip43
\CvsE=\skip44
\normalbaselineskip=\skip45
\c@volume=\count82
\c@number=\count83
\c@month=\count84
\c@year=\count85
\author@count=\count86
\label@count=\count87
\email@count=\count88
\affiliate@count=\count89
\offsetemail=\count90
\paffiliate@count=\count91
\shubetutitlesep=\skip46
\JEhonbunsep=\skip47
\Etitleauthorsep=\skip48
\Eauthorreceivesep=\skip49
\Ereceiveabstsep=\skip50
\Eabstkeywordsep=\skip51
\Jtitlejauthorsep=\skip52
\Jauthorjreceivesep=\skip53
\Jreceivejabstsep=\skip54
\Jabstsepjkeyword=\skip55
\Jkeywordetitle=\skip56
\Jetitleeauthor=\skip57
\Jeauthorereceivesep=\skip58
\Jereceiveeabstsep=\skip59
\Jeabstekeywordsep=\skip60
\@abstractbox=\box41
\@eabstractbox=\box42
\@jkeywordbox=\box43
\@ekeywordbox=\box44
\@keywordbox=\box45
\c@part=\count92
\c@section=\count93
\c@subsection=\count94
\c@subsubsection=\count95
\c@paragraph=\count96
\c@subparagraph=\count97
\@tempboxb=\box46
\SECTwd=\box47
\section@height=\skip61
\@abovecapskip=\dimen122
\@belowcapskip=\dimen123
\c@figure=\count98
\c@table=\count99
\abovecaptionskip=\skip62
\belowcaptionskip=\skip63
\@tempboxb=\box48
\capwidth=\dimen124
\ecapwidth=\dimen125
\bibindent=\dimen126
\c@profile=\count100
\mathindent=\dimen127
\@dummyfigbox=\box49
\twocolcapwidth=\dimen128
\twocolecapwidth=\dimen129
\@compare@result=\count101

(./ipsjtech.sty
Document Class: ipsj 2012/06/01 v3.00 IPSJTECH.STY
)) (/usr/local/texlive/2012/texmf-dist/tex/latex/amsmath/amsmath.sty
Package: amsmath 2000/07/18 v2.13 AMS math features
\@mathmargin=\skip64

For additional information on amsmath, use the `?' option.
(/usr/local/texlive/2012/texmf-dist/tex/latex/amsmath/amstext.sty
Package: amstext 2000/06/29 v2.01

(/usr/local/texlive/2012/texmf-dist/tex/latex/amsmath/amsgen.sty
File: amsgen.sty 1999/11/30 v2.0
\@emptytoks=\toks15
\ex@=\dimen130
))
(/usr/local/texlive/2012/texmf-dist/tex/latex/amsmath/amsbsy.sty
Package: amsbsy 1999/11/29 v1.2d
\pmbraise@=\dimen131
)
(/usr/local/texlive/2012/texmf-dist/tex/latex/amsmath/amsopn.sty
Package: amsopn 1999/12/14 v2.01 operator names
)
\inf@bad=\count102
LaTeX Info: Redefining \frac on input line 211.
\uproot@=\count103
\leftroot@=\count104
LaTeX Info: Redefining \overline on input line 307.
\classnum@=\count105
\DOTSCASE@=\count106
LaTeX Info: Redefining \ldots on input line 379.
LaTeX Info: Redefining \dots on input line 382.
LaTeX Info: Redefining \cdots on input line 467.
\Mathstrutbox@=\box50
\strutbox@=\box51
\big@size=\dimen132
LaTeX Font Info:    Redeclaring font encoding OML on input line 567.
LaTeX Font Info:    Redeclaring font encoding OMS on input line 568.
\macc@depth=\count107
\c@MaxMatrixCols=\count108
\dotsspace@=\muskip10
\c@parentequation=\count109
\dspbrk@lvl=\count110
\tag@help=\toks16
\row@=\count111
\column@=\count112
\maxfields@=\count113
\andhelp@=\toks17
\eqnshift@=\dimen133
\alignsep@=\dimen134
\tagshift@=\dimen135
\tagwidth@=\dimen136
\totwidth@=\dimen137
\lineht@=\dimen138
\@envbody=\toks18
\multlinegap=\skip65
\multlinetaggap=\skip66
\mathdisplay@stack=\toks19
LaTeX Info: Redefining \[ on input line 2666.
LaTeX Info: Redefining \] on input line 2667.
)
(/usr/local/texlive/2012/texmf-dist/tex/latex/amsfonts/amsfonts.sty
Package: amsfonts 2009/06/22 v3.00 Basic AMSFonts support
\symAMSa=\mathgroup4
\symAMSb=\mathgroup5
LaTeX Font Info:    Overwriting math alphabet `\mathfrak' in version `bold'
(Font)                  U/euf/m/n --> U/euf/b/n on input line 96.
)
(/usr/local/texlive/2012/texmf-dist/tex/latex/booktabs/booktabs.sty
Package: booktabs 2005/04/14 v1.61803 publication quality tables
\heavyrulewidth=\dimen139
\lightrulewidth=\dimen140
\cmidrulewidth=\dimen141
\belowrulesep=\dimen142
\belowbottomsep=\dimen143
\aboverulesep=\dimen144
\abovetopsep=\dimen145
\cmidrulesep=\dimen146
\cmidrulekern=\dimen147
\defaultaddspace=\dimen148
\@cmidla=\count114
\@cmidlb=\count115
\@aboverulesep=\dimen149
\@belowrulesep=\dimen150
\@thisruleclass=\count116
\@lastruleclass=\count117
\@thisrulewidth=\dimen151
)
(/usr/local/texlive/2012/texmf-dist/tex/latex/multirow/multirow.sty
\bigstrutjot=\dimen152
)
(/usr/local/texlive/2012/texmf-dist/tex/latex/graphics/graphicx.sty
Package: graphicx 1999/02/16 v1.0f Enhanced LaTeX Graphics (DPC,SPQR)

(/usr/local/texlive/2012/texmf-dist/tex/latex/graphics/keyval.sty
Package: keyval 1999/03/16 v1.13 key=value parser (DPC)
\KV@toks@=\toks20
)
(/usr/local/texlive/2012/texmf-dist/tex/latex/graphics/graphics.sty
Package: graphics 2009/02/05 v1.0o Standard LaTeX Graphics (DPC,SPQR)

(/usr/local/texlive/2012/texmf-dist/tex/latex/graphics/trig.sty
Package: trig 1999/03/16 v1.09 sin cos tan (DPC)
)
(/usr/local/texlive/2012/texmf-dist/tex/latex/latexconfig/graphics.cfg
File: graphics.cfg 2010/04/23 v1.9 graphics configuration of TeX Live
)
Package graphics Info: Driver file: dvips.def on input line 91.
)
\Gin@req@height=\dimen153
\Gin@req@width=\dimen154
)
(/usr/local/texlive/2012/texmf-dist/tex/latex/base/latexsym.sty
Package: latexsym 1998/08/17 v2.2e Standard LaTeX package (lasy symbols)
\symlasy=\mathgroup6
LaTeX Font Info:    Overwriting symbol font `lasy' in version `bold'
(Font)                  U/lasy/m/n --> U/lasy/b/n on input line 47.
) (./submit.aux

LaTeX Warning: Label `sec:flow' multiply defined.


LaTeX Warning: Label `sec:result' multiply defined.

)
\openout1 = `submit.aux'.

LaTeX Font Info:    Checking defaults for OML/cmm/m/it on input line 25.
LaTeX Font Info:    ... okay on input line 25.
LaTeX Font Info:    Checking defaults for T1/cmr/m/n on input line 25.
LaTeX Font Info:    ... okay on input line 25.
LaTeX Font Info:    Checking defaults for OT1/cmr/m/n on input line 25.
LaTeX Font Info:    ... okay on input line 25.
LaTeX Font Info:    Checking defaults for OMS/cmsy/m/n on input line 25.
LaTeX Font Info:    ... okay on input line 25.
LaTeX Font Info:    Checking defaults for OMX/cmex/m/n on input line 25.
LaTeX Font Info:    ... okay on input line 25.
LaTeX Font Info:    Checking defaults for U/cmr/m/n on input line 25.
LaTeX Font Info:    ... okay on input line 25.
LaTeX Font Info:    Checking defaults for JY1/mc/m/n on input line 25.
LaTeX Font Info:    ... okay on input line 25.
LaTeX Font Info:    Checking defaults for JT1/mc/m/n on input line 25.
LaTeX Font Info:    ... okay on input line 25.
LaTeX Font Info:    Font shape `JT1/mc/bx/n' in size <8.8711> not available
(Font)              Font shape `JT1/gt/m/n' tried instead on input line 46.
LaTeX Font Info:    Font shape `JY1/mc/bx/n' in size <8.8711> not available
(Font)              Font shape `JY1/gt/m/n' tried instead on input line 46.
LaTeX Font Info:    Font shape `JT1/gt/bx/n' in size <19.2207> not available
(Font)              Font shape `JT1/gt/m/n' tried instead on input line 63.
LaTeX Font Info:    Font shape `JY1/gt/bx/n' in size <19.2207> not available
(Font)              Font shape `JY1/gt/m/n' tried instead on input line 63.
LaTeX Font Info:    Calculating math sizes for size <9.61035> on input line 63.

LaTeX Font Info:    Calculating math sizes for size <11.82813> on input line 63
.
LaTeX Font Info:    Font shape `JT1/mc/m/sc' in size <10.34961> not available
(Font)              Font shape `JT1/mc/m/n' tried instead on input line 63.
LaTeX Font Info:    Font shape `JY1/mc/m/sc' in size <10.34961> not available
(Font)              Font shape `JY1/mc/m/n' tried instead on input line 63.
LaTeX Font Info:    Calculating math sizes for size <10.34961> on input line 63
.
LaTeX Font Info:    Font shape `JT1/mc/m/sc' in size <7.24469> not available
(Font)              Font shape `JT1/mc/m/n' tried instead on input line 63.
LaTeX Font Info:    Font shape `JY1/mc/m/sc' in size <7.24469> not available
(Font)              Font shape `JY1/mc/m/n' tried instead on input line 63.
LaTeX Font Info:    Calculating math sizes for size <8.13184> on input line 63.

LaTeX Font Info:    Font shape `JT1/mc/bx/n' in size <11.82813> not available
(Font)              Font shape `JT1/gt/m/n' tried instead on input line 66.
LaTeX Font Info:    Font shape `JY1/mc/bx/n' in size <11.82813> not available
(Font)              Font shape `JY1/gt/m/n' tried instead on input line 66.
 (I search kanjifont definition file: . . ) (I search font definition file: .
. . . . . . )
LaTeX Font Info:    Try loading font information for OMS+txsy on input line 98.

 (/usr/local/texlive/2012/texmf-dist/tex/latex/txfonts/omstxsy.fd
File: omstxsy.fd 2000/12/15 v3.1
)
LaTeX Font Info:    Try loading font information for OT1+txsy on input line 98.

LaTeX Font Info:    No file OT1txsy.fd. on input line 98.

LaTeX Font Warning: Font shape `OT1/txsy/m/n' undefined
(Font)              using `OT1/cmr/m/n' instead on input line 98.

LaTeX Font Info:    Try loading font information for OT1+ptm on input line 98.
(/usr/local/texlive/2012/texmf-dist/tex/latex/psnfss/ot1ptm.fd
File: ot1ptm.fd 2001/06/04 font definitions for OT1/ptm.
) [1


]
LaTeX Font Info:    Font shape `JT1/mc/bx/n' in size <9.61035> not available
(Font)              Font shape `JT1/gt/m/n' tried instead on input line 211.
LaTeX Font Info:    Font shape `JY1/mc/bx/n' in size <9.61035> not available
(Font)              Font shape `JY1/gt/m/n' tried instead on input line 211.
LaTeX Font Info:    Font shape `JT1/mc/m/it' in size <9.61035> not available
(Font)              Font shape `JT1/mc/m/n' tried instead on input line 213.
LaTeX Font Info:    Font shape `JY1/mc/m/it' in size <9.61035> not available
(Font)              Font shape `JY1/mc/m/n' tried instead on input line 213.


LaTeX Warning: Citation `yamamoto2012wisdom' on page 2 undefined on input line 
214.


LaTeX Warning: Citation `hassan2012task' on page 2 undefined on input line 222.



LaTeX Warning: Citation `yumotoHowTo' on page 2 undefined on input line 225.


LaTeX Warning: Citation `BroderAdQueryExpansion' on page 2 undefined on input l
ine 231.


LaTeX Warning: Citation `RichardsonEstimatingCTR' on page 2 undefined on input 
line 231.


LaTeX Warning: Citation `jansen2005examining' on page 2 undefined on input line
 232.


LaTeX Warning: Citation `DanescuNiculescuMizilInterplayAd' on page 2 undefined 
on input line 232.


LaTeX Warning: Citation `tamugiDEIM' on page 2 undefined on input line 236.


LaTeX Warning: Citation `tamugiDBS' on page 2 undefined on input line 236.


LaTeX Warning: Citation `tamugiMS' on page 2 undefined on input line 236.

[2]
File: state_action.eps Graphic file (type eps)
 <state_action.eps>
LaTeX Font Info:    Font shape `JT1/mc/bx/n' in size <8.13184> not available
(Font)              Font shape `JT1/gt/m/n' tried instead on input line 300.
LaTeX Font Info:    Font shape `JY1/mc/bx/n' in size <8.13184> not available
(Font)              Font shape `JY1/gt/m/n' tried instead on input line 300.
File: parallel.eps Graphic file (type eps)
 <parallel.eps>
File: sequence.eps Graphic file (type eps)
 <sequence.eps> [3]

LaTeX Warning: Citation `yamamoto2012wisdom' on page 4 undefined on input line 
376.


LaTeX Warning: Citation `tamugiDEIM' on page 4 undefined on input line 378.

File: method.eps Graphic file (type eps)
<method.eps> [4]
Overfull \hbox (3.64977pt too wide) in paragraph at lines 509--518
 [] 
 []

[5]
Overfull \hbox (5.88405pt too wide) in paragraph at lines 587--588
 [] 
 []

(./submit.bbl
LaTeX Font Info:    Calculating math sizes for size <8.8711> on input line 1.
LaTeX Font Info:    Font shape `JT1/gt/m/it' in size <8.8711> not available
(Font)              Font shape `JT1/gt/m/n' tried instead on input line 5.


LaTeX Font Warning: Font shape `JY1/gt/m/it' undefined
(Font)              using `JY1/gt/m/n' instead on input line 5.

[6]) [7

] (./submit.aux)

LaTeX Font Warning: Some font shapes were not available, defaults substituted.


LaTeX Warning: There were undefined references.


LaTeX Warning: There were multiply-defined labels.

 ) 
Here is how much of TeX's memory you used:
 2375 strings out of 494059
 31226 string characters out of 3156205
 92063 words of memory out of 3000000
 5765 multiletter control sequences out of 15000+200000
 43109 words of font info for 191 fonts, out of 3000000 for 9000
 745 hyphenation exceptions out of 8191
 32i,13n,23p,752b,506s stack positions out of 5000i,500n,10000p,200000b,50000s

Output written on submit.dvi (7 pages, 58628 bytes).
